<?xml version="1.0" encoding="UTF-8"?>
<testng-results ignored="0" total="0" passed="0" failed="0" skipped="0">
  <reporter-output>
  </reporter-output>
  <suite started-at="2024-02-01T14:56:19 GMT-05:00" name="Default suite" finished-at="2024-02-01T14:56:19 GMT-05:00" duration-ms="36">
    <groups>
    </groups>
    <test started-at="2024-02-01T14:56:19 GMT-05:00" name="Default test" finished-at="2024-02-01T14:56:19 GMT-05:00" duration-ms="36">
      <class name="OrangeHRM_Testcases.AdminloginwithInvaliData">
        <test-method is-config="true" signature="LaunchApp()[pri:0, instance:OrangeHRM_Testcases.AdminloginwithInvaliData@48aca48b]" started-at="2024-02-01T14:56:15 GMT-05:00" name="LaunchApp" finished-at="2024-02-01T14:56:19 GMT-05:00" duration-ms="4129" status="PASS">
          <reporter-output>
          </reporter-output>
        </test-method> <!-- LaunchApp -->
        <test-method is-config="true" signature="closeApp()[pri:0, instance:OrangeHRM_Testcases.AdminloginwithInvaliData@48aca48b]" started-at="2024-02-01T14:56:20 GMT-05:00" name="closeApp" finished-at="2024-02-01T14:56:20 GMT-05:00" duration-ms="265" status="PASS">
          <reporter-output>
          </reporter-output>
        </test-method> <!-- closeApp -->
      </class> <!-- OrangeHRM_Testcases.AdminloginwithInvaliData -->
    </test> <!-- Default test -->
  </suite> <!-- Default suite -->
</testng-results>
